<?xml version="1.0" encoding="UTF-8"?>
<!-- Generated by org.testng.reporters.JUnitReportReporter -->
<testsuite skipped="0" hostname="LSTKTR93591" name="com.tests.VisualStudioTest" tests="1" failures="0" timestamp="2020-06-20T00:24:02 CDT" time="15.622" errors="0">
  <testcase name="f" time="15.622" classname="com.tests.VisualStudioTest"/>
  <system-out/>
</testsuite> <!-- com.tests.VisualStudioTest -->
