<?xml version="1.0" encoding="UTF-8"?>
<!-- Generated by org.testng.reporters.JUnitReportReporter -->
<testsuite skipped="0" hostname="LSTKTR93591" name="com.tests.WindowsTest" tests="1" failures="0" timestamp="2020-06-19T22:22:16 CDT" time="59.242" errors="0">
  <testcase name="f" time="59.242" classname="com.tests.WindowsTest"/>
  <system-out/>
</testsuite> <!-- com.tests.WindowsTest -->
