<?xml version="1.0" encoding="UTF-8"?>
<!-- Generated by org.testng.reporters.JUnitReportReporter -->
<testsuite skipped="0" hostname="LSTKTR93591" name="com.tests.HomeTest" tests="1" failures="0" timestamp="2020-06-19T22:22:16 CDT" time="18.227" errors="0">
  <testcase name="f" time="18.227" classname="com.tests.HomeTest"/>
  <system-out/>
</testsuite> <!-- com.tests.HomeTest -->
