<?xml version="1.0" encoding="UTF-8"?>
<!-- Generated by org.testng.reporters.JUnitReportReporter -->
<testsuite skipped="0" hostname="LSTKTR93591" name="com.tests.WindowsTest" tests="1" failures="0" timestamp="2020-06-20T00:24:02 CDT" time="25.824" errors="0">
  <testcase name="f" time="25.824" classname="com.tests.WindowsTest"/>
  <system-out/>
</testsuite> <!-- com.tests.WindowsTest -->
