<?xml version="1.0" encoding="UTF-8"?>
<!-- Generated by org.testng.reporters.JUnitReportReporter -->
<testsuite skipped="0" hostname="LSTKTR93591" name="com.tests.E2ETest" tests="1" failures="0" timestamp="2020-06-20T04:09:00 CDT" time="34.610" errors="0">
  <testcase name="f" time="34.610" classname="com.tests.E2ETest"/>
  <system-out/>
</testsuite> <!-- com.tests.E2ETest -->
