<?xml version="1.0" encoding="UTF-8"?>
<!-- Generated by org.testng.reporters.JUnitReportReporter -->
<testsuite hostname="GORDITA" name="com.tests.InitPage" tests="1" failures="0" timestamp="19 Jun 2020 09:43:02 GMT" time="144.018" errors="0">
  <testcase name="f" time="144.018" classname="com.tests.InitPage"/>
</testsuite> <!-- com.tests.InitPage -->
