<?xml version="1.0" encoding="UTF-8"?>
<!-- Generated by org.testng.reporters.JUnitReportReporter -->
<testsuite skipped="0" hostname="LSTKTR93591" name="com.tests.ResultsTest" tests="1" failures="0" timestamp="2020-06-20T00:24:02 CDT" time="17.352" errors="0">
  <testcase name="f" time="17.352" classname="com.tests.ResultsTest"/>
  <system-out/>
</testsuite> <!-- com.tests.ResultsTest -->
